{"type":"server-started","port":53594,"host":"127.0.0.1","url_host":"localhost","url":"http://localhost:53594","screen_dir":"/Users/eva.doelle/Library/CloudStorage/OneDrive-CANCOMGmbH/Eve/.superpowers/brainstorm/53688-1779453153/content","state_dir":"/Users/eva.doelle/Library/CloudStorage/OneDrive-CANCOMGmbH/Eve/.superpowers/brainstorm/53688-1779453153/state"}
{"type":"screen-added","file":"/Users/eva.doelle/Library/CloudStorage/OneDrive-CANCOMGmbH/Eve/.superpowers/brainstorm/53688-1779453153/content/wizard-flow.html"}
{"type":"screen-updated","file":"/Users/eva.doelle/Library/CloudStorage/OneDrive-CANCOMGmbH/Eve/.superpowers/brainstorm/53688-1779453153/content/wizard-flow.html"}
{"type":"screen-updated","file":"/Users/eva.doelle/Library/CloudStorage/OneDrive-CANCOMGmbH/Eve/.superpowers/brainstorm/53688-1779453153/content/wizard-flow.html"}
{"type":"screen-updated","file":"/Users/eva.doelle/Library/CloudStorage/OneDrive-CANCOMGmbH/Eve/.superpowers/brainstorm/53688-1779453153/content/wizard-flow.html"}
{"source":"user-event","type":"click","text":"A\n      \n        Frage-Screen Mockup\n        Wie eine einzelne Wizard-Frage aussieht — Kacheln, Fortschrittsbalken, CANCOM-Look","choice":"question-screen","id":null,"timestamp":1779454152726}
{"source":"user-event","type":"click","text":"A\n      \n        Frage-Screen Mockup\n        Wie eine einzelne Wizard-Frage aussieht — Kacheln, Fortschrittsbalken, CANCOM-Look","choice":"question-screen","id":null,"timestamp":1779454153639}
{"source":"user-event","type":"click","text":"A\n      \n        Frage-Screen Mockup\n        Wie eine einzelne Wizard-Frage aussieht — Kacheln, Fortschrittsbalken, CANCOM-Look","choice":"question-screen","id":null,"timestamp":1779454154005}
{"source":"user-event","type":"click","text":"B\n      \n        Ergebnis-Screen Mockup\n        Der \"Wow-Moment\" — blurred Empfehlung, Lock, Email-Gate. Das Herzstück der Demo","choice":"result-screen","id":null,"timestamp":1779454157755}
{"source":"user-event","type":"click","text":"A\n      \n        Frage-Screen Mockup\n        Wie eine einzelne Wizard-Frage aussieht — Kacheln, Fortschrittsbalken, CANCOM-Look","choice":"question-screen","id":null,"timestamp":1779454158522}
{"type":"screen-added","file":"/Users/eva.doelle/Library/CloudStorage/OneDrive-CANCOMGmbH/Eve/.superpowers/brainstorm/53688-1779453153/content/wizard-prototype.html"}
{"type":"screen-updated","file":"/Users/eva.doelle/Library/CloudStorage/OneDrive-CANCOMGmbH/Eve/.superpowers/brainstorm/53688-1779453153/content/wizard-prototype.html"}
{"type":"screen-updated","file":"/Users/eva.doelle/Library/CloudStorage/OneDrive-CANCOMGmbH/Eve/.superpowers/brainstorm/53688-1779453153/content/wizard-prototype.html"}
{"type":"screen-updated","file":"/Users/eva.doelle/Library/CloudStorage/OneDrive-CANCOMGmbH/Eve/.superpowers/brainstorm/53688-1779453153/content/wizard-prototype.html"}
{"type":"screen-added","file":"/Users/eva.doelle/Library/CloudStorage/OneDrive-CANCOMGmbH/Eve/.superpowers/brainstorm/53688-1779453153/content/wizard-prototype-v2.html"}
{"type":"screen-updated","file":"/Users/eva.doelle/Library/CloudStorage/OneDrive-CANCOMGmbH/Eve/.superpowers/brainstorm/53688-1779453153/content/wizard-prototype-v2.html"}
{"type":"screen-updated","file":"/Users/eva.doelle/Library/CloudStorage/OneDrive-CANCOMGmbH/Eve/.superpowers/brainstorm/53688-1779453153/content/wizard-prototype-v2.html"}
{"type":"screen-updated","file":"/Users/eva.doelle/Library/CloudStorage/OneDrive-CANCOMGmbH/Eve/.superpowers/brainstorm/53688-1779453153/content/wizard-prototype-v2.html"}
{"type":"screen-added","file":"/Users/eva.doelle/Library/CloudStorage/OneDrive-CANCOMGmbH/Eve/.superpowers/brainstorm/53688-1779453153/content/wizard-prototype-v3.html"}
{"type":"screen-updated","file":"/Users/eva.doelle/Library/CloudStorage/OneDrive-CANCOMGmbH/Eve/.superpowers/brainstorm/53688-1779453153/content/wizard-prototype-v3.html"}
{"type":"screen-updated","file":"/Users/eva.doelle/Library/CloudStorage/OneDrive-CANCOMGmbH/Eve/.superpowers/brainstorm/53688-1779453153/content/wizard-prototype-v3.html"}
{"type":"screen-added","file":"/Users/eva.doelle/Library/CloudStorage/OneDrive-CANCOMGmbH/Eve/.superpowers/brainstorm/53688-1779453153/content/wizard-prototype-v4.html"}
{"type":"screen-updated","file":"/Users/eva.doelle/Library/CloudStorage/OneDrive-CANCOMGmbH/Eve/.superpowers/brainstorm/53688-1779453153/content/wizard-prototype-v4.html"}
{"type":"screen-updated","file":"/Users/eva.doelle/Library/CloudStorage/OneDrive-CANCOMGmbH/Eve/.superpowers/brainstorm/53688-1779453153/content/wizard-prototype-v4.html"}
{"type":"screen-updated","file":"/Users/eva.doelle/Library/CloudStorage/OneDrive-CANCOMGmbH/Eve/.superpowers/brainstorm/53688-1779453153/content/wizard-prototype-v4.html"}
{"type":"screen-updated","file":"/Users/eva.doelle/Library/CloudStorage/OneDrive-CANCOMGmbH/Eve/.superpowers/brainstorm/53688-1779453153/content/wizard-prototype-v4.html"}
{"type":"screen-updated","file":"/Users/eva.doelle/Library/CloudStorage/OneDrive-CANCOMGmbH/Eve/.superpowers/brainstorm/53688-1779453153/content/wizard-prototype-v4.html"}
{"type":"screen-updated","file":"/Users/eva.doelle/Library/CloudStorage/OneDrive-CANCOMGmbH/Eve/.superpowers/brainstorm/53688-1779453153/content/wizard-prototype-v4.html"}
{"type":"screen-updated","file":"/Users/eva.doelle/Library/CloudStorage/OneDrive-CANCOMGmbH/Eve/.superpowers/brainstorm/53688-1779453153/content/wizard-prototype-v4.html"}
{"type":"screen-updated","file":"/Users/eva.doelle/Library/CloudStorage/OneDrive-CANCOMGmbH/Eve/.superpowers/brainstorm/53688-1779453153/content/wizard-prototype-v4.html"}
{"type":"screen-updated","file":"/Users/eva.doelle/Library/CloudStorage/OneDrive-CANCOMGmbH/Eve/.superpowers/brainstorm/53688-1779453153/content/wizard-prototype-v4.html"}
{"type":"server-stopped","reason":"idle timeout"}
