{"type":"server-started","port":54321,"host":"127.0.0.1","url_host":"localhost","url":"http://localhost:54321","screen_dir":"/Users/eva.doelle/Library/CloudStorage/OneDrive-CANCOMGmbH/Eve/.superpowers/brainstorm/85611-1779557401/content","state_dir":"/Users/eva.doelle/Library/CloudStorage/OneDrive-CANCOMGmbH/Eve/.superpowers/brainstorm/85611-1779557401/state"}
{"type":"screen-added","file":"/Users/eva.doelle/Library/CloudStorage/OneDrive-CANCOMGmbH/Eve/.superpowers/brainstorm/85611-1779557401/content/flyer-draft-2.html"}
{"type":"screen-updated","file":"/Users/eva.doelle/Library/CloudStorage/OneDrive-CANCOMGmbH/Eve/.superpowers/brainstorm/85611-1779557401/content/flyer-draft-2.html"}
{"type":"screen-updated","file":"/Users/eva.doelle/Library/CloudStorage/OneDrive-CANCOMGmbH/Eve/.superpowers/brainstorm/85611-1779557401/content/flyer-draft-2.html"}
{"type":"screen-added","file":"/Users/eva.doelle/Library/CloudStorage/OneDrive-CANCOMGmbH/Eve/.superpowers/brainstorm/85611-1779557401/content/flyer-final.html"}
{"type":"screen-updated","file":"/Users/eva.doelle/Library/CloudStorage/OneDrive-CANCOMGmbH/Eve/.superpowers/brainstorm/85611-1779557401/content/flyer-final.html"}
{"type":"screen-updated","file":"/Users/eva.doelle/Library/CloudStorage/OneDrive-CANCOMGmbH/Eve/.superpowers/brainstorm/85611-1779557401/content/flyer-final.html"}
{"type":"screen-added","file":"/Users/eva.doelle/Library/CloudStorage/OneDrive-CANCOMGmbH/Eve/.superpowers/brainstorm/85611-1779557401/content/flyer-cutout.html"}
{"type":"screen-updated","file":"/Users/eva.doelle/Library/CloudStorage/OneDrive-CANCOMGmbH/Eve/.superpowers/brainstorm/85611-1779557401/content/flyer-cutout.html"}
{"type":"screen-updated","file":"/Users/eva.doelle/Library/CloudStorage/OneDrive-CANCOMGmbH/Eve/.superpowers/brainstorm/85611-1779557401/content/flyer-cutout.html"}
{"type":"screen-added","file":"/Users/eva.doelle/Library/CloudStorage/OneDrive-CANCOMGmbH/Eve/.superpowers/brainstorm/85611-1779557401/content/flyer-lenni.html"}
{"type":"screen-updated","file":"/Users/eva.doelle/Library/CloudStorage/OneDrive-CANCOMGmbH/Eve/.superpowers/brainstorm/85611-1779557401/content/flyer-lenni.html"}
{"type":"screen-updated","file":"/Users/eva.doelle/Library/CloudStorage/OneDrive-CANCOMGmbH/Eve/.superpowers/brainstorm/85611-1779557401/content/flyer-lenni.html"}
{"type":"screen-updated","file":"/Users/eva.doelle/Library/CloudStorage/OneDrive-CANCOMGmbH/Eve/.superpowers/brainstorm/85611-1779557401/content/flyer-lenni.html"}
{"type":"screen-added","file":"/Users/eva.doelle/Library/CloudStorage/OneDrive-CANCOMGmbH/Eve/.superpowers/brainstorm/85611-1779557401/content/flyer-portraits-v2.html"}
{"type":"screen-updated","file":"/Users/eva.doelle/Library/CloudStorage/OneDrive-CANCOMGmbH/Eve/.superpowers/brainstorm/85611-1779557401/content/flyer-portraits-v2.html"}
{"type":"screen-updated","file":"/Users/eva.doelle/Library/CloudStorage/OneDrive-CANCOMGmbH/Eve/.superpowers/brainstorm/85611-1779557401/content/flyer-portraits-v2.html"}
{"type":"screen-added","file":"/Users/eva.doelle/Library/CloudStorage/OneDrive-CANCOMGmbH/Eve/.superpowers/brainstorm/85611-1779557401/content/flyer-portraits-v3.html"}
{"type":"screen-updated","file":"/Users/eva.doelle/Library/CloudStorage/OneDrive-CANCOMGmbH/Eve/.superpowers/brainstorm/85611-1779557401/content/flyer-portraits-v3.html"}
{"type":"screen-updated","file":"/Users/eva.doelle/Library/CloudStorage/OneDrive-CANCOMGmbH/Eve/.superpowers/brainstorm/85611-1779557401/content/flyer-portraits-v3.html"}
{"type":"screen-updated","file":"/Users/eva.doelle/Library/CloudStorage/OneDrive-CANCOMGmbH/Eve/.superpowers/brainstorm/85611-1779557401/content/flyer-portraits-v3.html"}
{"type":"screen-added","file":"/Users/eva.doelle/Library/CloudStorage/OneDrive-CANCOMGmbH/Eve/.superpowers/brainstorm/85611-1779557401/content/flyer-portraits-v4.html"}
{"type":"screen-updated","file":"/Users/eva.doelle/Library/CloudStorage/OneDrive-CANCOMGmbH/Eve/.superpowers/brainstorm/85611-1779557401/content/flyer-portraits-v4.html"}
{"type":"screen-updated","file":"/Users/eva.doelle/Library/CloudStorage/OneDrive-CANCOMGmbH/Eve/.superpowers/brainstorm/85611-1779557401/content/flyer-portraits-v4.html"}
{"type":"screen-updated","file":"/Users/eva.doelle/Library/CloudStorage/OneDrive-CANCOMGmbH/Eve/.superpowers/brainstorm/85611-1779557401/content/flyer-portraits-v4.html"}
{"type":"screen-added","file":"/Users/eva.doelle/Library/CloudStorage/OneDrive-CANCOMGmbH/Eve/.superpowers/brainstorm/85611-1779557401/content/flyer-v5.html"}
{"type":"screen-updated","file":"/Users/eva.doelle/Library/CloudStorage/OneDrive-CANCOMGmbH/Eve/.superpowers/brainstorm/85611-1779557401/content/flyer-v5.html"}
{"type":"screen-updated","file":"/Users/eva.doelle/Library/CloudStorage/OneDrive-CANCOMGmbH/Eve/.superpowers/brainstorm/85611-1779557401/content/flyer-v5.html"}
{"type":"screen-updated","file":"/Users/eva.doelle/Library/CloudStorage/OneDrive-CANCOMGmbH/Eve/.superpowers/brainstorm/85611-1779557401/content/flyer-v5.html"}
{"type":"screen-updated","file":"/Users/eva.doelle/Library/CloudStorage/OneDrive-CANCOMGmbH/Eve/.superpowers/brainstorm/85611-1779557401/content/flyer-v5.html"}
{"type":"screen-updated","file":"/Users/eva.doelle/Library/CloudStorage/OneDrive-CANCOMGmbH/Eve/.superpowers/brainstorm/85611-1779557401/content/flyer-v5.html"}
{"type":"screen-updated","file":"/Users/eva.doelle/Library/CloudStorage/OneDrive-CANCOMGmbH/Eve/.superpowers/brainstorm/85611-1779557401/content/flyer-v5.html"}
{"type":"screen-added","file":"/Users/eva.doelle/Library/CloudStorage/OneDrive-CANCOMGmbH/Eve/.superpowers/brainstorm/85611-1779557401/content/flyer-v6.html"}
{"type":"screen-updated","file":"/Users/eva.doelle/Library/CloudStorage/OneDrive-CANCOMGmbH/Eve/.superpowers/brainstorm/85611-1779557401/content/flyer-v6.html"}
{"type":"screen-updated","file":"/Users/eva.doelle/Library/CloudStorage/OneDrive-CANCOMGmbH/Eve/.superpowers/brainstorm/85611-1779557401/content/flyer-v6.html"}
{"type":"server-stopped","reason":"idle timeout"}
